<?xml version="1.0" encoding="UTF-8"?>
<!-- Generated by org.testng.reporters.JUnitReportReporter -->
<testsuite hostname="DESKTOP-LHLQRJG" failures="0" tests="1" name="login_Suite.TC01_Login" time="1.607" errors="0" timestamp="2023-11-06T21:47:26 BOT" skipped="0">
  <testcase classname="login_Suite.TC01_Login" name="TC_01" time="1.607"/>
</testsuite> <!-- login_Suite.TC01_Login -->
